<?xml version="1.0" encoding="UTF-8"?>
<robot generator="Robot 6.1 (Python 3.11.4 on win32)" generated="20231003 16:10:07.376" rpa="false" schemaversion="4">
<suite id="s1" name="Mainfile" source="C:\Users\vs34\PycharmProjects\robotFramework\learnrobot\tests\mainfile.robot">
<test id="s1-t1" name="testcase1" line="6">
<kw name="Open Browser" library="SeleniumLibrary">
<arg>https://www.youtube.com/results?search_query=robot+framework+with+python</arg>
<arg>firefox</arg>
<doc>Opens a new browser instance to the optional ``url``.</doc>
<msg timestamp="20231003 16:10:08.608" level="INFO">Opening browser 'firefox' to base url 'https://www.youtube.com/results?search_query=robot+framework+with+python'.</msg>
<msg timestamp="20231003 16:10:08.656" level="INFO">Executing: C:\Users\vs34\AppData\Local\Programs\Python\Python311\Lib\site-packages\selenium\webdriver\common\windows\selenium-manager.exe --browser firefox --output json</msg>
<status status="PASS" starttime="20231003 16:10:08.608" endtime="20231003 16:13:06.902"/>
</kw>
<kw name="Set Selenium Speed" library="SeleniumLibrary">
<arg>.2s</arg>
<doc>Sets the delay that is waited after each Selenium command.</doc>
<status status="PASS" starttime="20231003 16:13:06.907" endtime="20231003 16:13:06.912"/>
</kw>
<kw name="Set Selenium Timeout" library="SeleniumLibrary">
<arg>10s</arg>
<doc>Sets the timeout that is used by various keywords.</doc>
<status status="PASS" starttime="20231003 16:13:06.912" endtime="20231003 16:13:07.422"/>
</kw>
<kw name="Sleep" library="BuiltIn">
<arg>5s</arg>
<doc>Pauses the test executed for the given time.</doc>
<msg timestamp="20231003 16:13:12.422" level="INFO">Slept 5 seconds</msg>
<status status="PASS" starttime="20231003 16:13:07.422" endtime="20231003 16:13:12.422"/>
</kw>
<kw name="Close Browser" library="SeleniumLibrary">
<doc>Closes the current browser.</doc>
<status status="PASS" starttime="20231003 16:13:12.422" endtime="20231003 16:13:13.446"/>
</kw>
<doc>This is some info abt test</doc>
<tag>101</tag>
<status status="PASS" starttime="20231003 16:10:08.608" endtime="20231003 16:13:13.446"/>
</test>
<doc>This is some info abt test suite</doc>
<status status="PASS" starttime="20231003 16:10:07.382" endtime="20231003 16:13:13.462"/>
</suite>
<statistics>
<total>
<stat pass="1" fail="0" skip="0">All Tests</stat>
</total>
<tag>
<stat pass="1" fail="0" skip="0">101</stat>
</tag>
<suite>
<stat pass="1" fail="0" skip="0" id="s1" name="Mainfile">Mainfile</stat>
</suite>
</statistics>
<errors>
</errors>
</robot>
